<?xml version="1.0" encoding="UTF-8" standalone="no"?>
<!DOCTYPE log SYSTEM "logger.dtd">
<log>
<record>
  <date>2015-11-20T18:09:26</date>
  <millis>1448053766379</millis>
  <sequence>0</sequence>
  <logger>jMetal</logger>
  <level>INFO</level>
  <class>vrptw.spea.vrptw.BVrptwSpea2_main</class>
  <method>main</method>
  <thread>1</thread>
  <message>Total execution time: 6780</message>
</record>
<record>
  <date>2015-11-20T18:09:26</date>
  <millis>1448053766411</millis>
  <sequence>1</sequence>
  <logger>jMetal</logger>
  <level>INFO</level>
  <class>vrptw.spea.vrptw.BVrptwSpea2_main</class>
  <method>main</method>
  <thread>1</thread>
  <message>Objectives values have been writen to file FUN</message>
</record>
<record>
  <date>2015-11-20T18:09:26</date>
  <millis>1448053766415</millis>
  <sequence>2</sequence>
  <logger>jMetal</logger>
  <level>INFO</level>
  <class>vrptw.spea.vrptw.BVrptwSpea2_main</class>
  <method>main</method>
  <thread>1</thread>
  <message>Variables values have been writen to file VAR</message>
</record>
<record>
  <date>2015-11-20T18:09:32</date>
  <millis>1448053772837</millis>
  <sequence>3</sequence>
  <logger>jMetal</logger>
  <level>INFO</level>
  <class>vrptw.spea.vrptw.BVrptwSpea2_main</class>
  <method>main</method>
  <thread>1</thread>
  <message>Total execution time: 6413</message>
</record>
<record>
  <date>2015-11-20T18:09:32</date>
  <millis>1448053772838</millis>
  <sequence>4</sequence>
  <logger>jMetal</logger>
  <level>INFO</level>
  <class>vrptw.spea.vrptw.BVrptwSpea2_main</class>
  <method>main</method>
  <thread>1</thread>
  <message>Objectives values have been writen to file FUN</message>
</record>
<record>
  <date>2015-11-20T18:09:32</date>
  <millis>1448053772839</millis>
  <sequence>5</sequence>
  <logger>jMetal</logger>
  <level>INFO</level>
  <class>vrptw.spea.vrptw.BVrptwSpea2_main</class>
  <method>main</method>
  <thread>1</thread>
  <message>Variables values have been writen to file VAR</message>
</record>
<record>
  <date>2015-11-20T18:09:39</date>
  <millis>1448053779202</millis>
  <sequence>6</sequence>
  <logger>jMetal</logger>
  <level>INFO</level>
  <class>vrptw.spea.vrptw.BVrptwSpea2_main</class>
  <method>main</method>
  <thread>1</thread>
  <message>Total execution time: 6358</message>
</record>
<record>
  <date>2015-11-20T18:09:39</date>
  <millis>1448053779203</millis>
  <sequence>7</sequence>
  <logger>jMetal</logger>
  <level>INFO</level>
  <class>vrptw.spea.vrptw.BVrptwSpea2_main</class>
  <method>main</method>
  <thread>1</thread>
  <message>Objectives values have been writen to file FUN</message>
</record>
<record>
  <date>2015-11-20T18:09:39</date>
  <millis>1448053779204</millis>
  <sequence>8</sequence>
  <logger>jMetal</logger>
  <level>INFO</level>
  <class>vrptw.spea.vrptw.BVrptwSpea2_main</class>
  <method>main</method>
  <thread>1</thread>
  <message>Variables values have been writen to file VAR</message>
</record>
<record>
  <date>2015-11-20T18:09:45</date>
  <millis>1448053785737</millis>
  <sequence>9</sequence>
  <logger>jMetal</logger>
  <level>INFO</level>
  <class>vrptw.spea.vrptw.BVrptwSpea2_main</class>
  <method>main</method>
  <thread>1</thread>
  <message>Total execution time: 6528</message>
</record>
<record>
  <date>2015-11-20T18:09:45</date>
  <millis>1448053785739</millis>
  <sequence>10</sequence>
  <logger>jMetal</logger>
  <level>INFO</level>
  <class>vrptw.spea.vrptw.BVrptwSpea2_main</class>
  <method>main</method>
  <thread>1</thread>
  <message>Objectives values have been writen to file FUN</message>
</record>
<record>
  <date>2015-11-20T18:09:45</date>
  <millis>1448053785740</millis>
  <sequence>11</sequence>
  <logger>jMetal</logger>
  <level>INFO</level>
  <class>vrptw.spea.vrptw.BVrptwSpea2_main</class>
  <method>main</method>
  <thread>1</thread>
  <message>Variables values have been writen to file VAR</message>
</record>
<record>
  <date>2015-11-20T18:09:52</date>
  <millis>1448053792363</millis>
  <sequence>12</sequence>
  <logger>jMetal</logger>
  <level>INFO</level>
  <class>vrptw.spea.vrptw.BVrptwSpea2_main</class>
  <method>main</method>
  <thread>1</thread>
  <message>Total execution time: 6618</message>
</record>
<record>
  <date>2015-11-20T18:09:52</date>
  <millis>1448053792365</millis>
  <sequence>13</sequence>
  <logger>jMetal</logger>
  <level>INFO</level>
  <class>vrptw.spea.vrptw.BVrptwSpea2_main</class>
  <method>main</method>
  <thread>1</thread>
  <message>Objectives values have been writen to file FUN</message>
</record>
<record>
  <date>2015-11-20T18:09:52</date>
  <millis>1448053792366</millis>
  <sequence>14</sequence>
  <logger>jMetal</logger>
  <level>INFO</level>
  <class>vrptw.spea.vrptw.BVrptwSpea2_main</class>
  <method>main</method>
  <thread>1</thread>
  <message>Variables values have been writen to file VAR</message>
</record>
<record>
  <date>2015-11-20T18:09:58</date>
  <millis>1448053798966</millis>
  <sequence>15</sequence>
  <logger>jMetal</logger>
  <level>INFO</level>
  <class>vrptw.spea.vrptw.BVrptwSpea2_main</class>
  <method>main</method>
  <thread>1</thread>
  <message>Total execution time: 6595</message>
</record>
<record>
  <date>2015-11-20T18:09:58</date>
  <millis>1448053798969</millis>
  <sequence>16</sequence>
  <logger>jMetal</logger>
  <level>INFO</level>
  <class>vrptw.spea.vrptw.BVrptwSpea2_main</class>
  <method>main</method>
  <thread>1</thread>
  <message>Objectives values have been writen to file FUN</message>
</record>
<record>
  <date>2015-11-20T18:09:58</date>
  <millis>1448053798972</millis>
  <sequence>17</sequence>
  <logger>jMetal</logger>
  <level>INFO</level>
  <class>vrptw.spea.vrptw.BVrptwSpea2_main</class>
  <method>main</method>
  <thread>1</thread>
  <message>Variables values have been writen to file VAR</message>
</record>
<record>
  <date>2015-11-20T18:10:05</date>
  <millis>1448053805560</millis>
  <sequence>18</sequence>
  <logger>jMetal</logger>
  <level>INFO</level>
  <class>vrptw.spea.vrptw.BVrptwSpea2_main</class>
  <method>main</method>
  <thread>1</thread>
  <message>Total execution time: 6583</message>
</record>
<record>
  <date>2015-11-20T18:10:05</date>
  <millis>1448053805561</millis>
  <sequence>19</sequence>
  <logger>jMetal</logger>
  <level>INFO</level>
  <class>vrptw.spea.vrptw.BVrptwSpea2_main</class>
  <method>main</method>
  <thread>1</thread>
  <message>Objectives values have been writen to file FUN</message>
</record>
<record>
  <date>2015-11-20T18:10:05</date>
  <millis>1448053805563</millis>
  <sequence>20</sequence>
  <logger>jMetal</logger>
  <level>INFO</level>
  <class>vrptw.spea.vrptw.BVrptwSpea2_main</class>
  <method>main</method>
  <thread>1</thread>
  <message>Variables values have been writen to file VAR</message>
</record>
<record>
  <date>2015-11-20T18:10:11</date>
  <millis>1448053811944</millis>
  <sequence>21</sequence>
  <logger>jMetal</logger>
  <level>INFO</level>
  <class>vrptw.spea.vrptw.BVrptwSpea2_main</class>
  <method>main</method>
  <thread>1</thread>
  <message>Total execution time: 6372</message>
</record>
<record>
  <date>2015-11-20T18:10:11</date>
  <millis>1448053811945</millis>
  <sequence>22</sequence>
  <logger>jMetal</logger>
  <level>INFO</level>
  <class>vrptw.spea.vrptw.BVrptwSpea2_main</class>
  <method>main</method>
  <thread>1</thread>
  <message>Objectives values have been writen to file FUN</message>
</record>
<record>
  <date>2015-11-20T18:10:11</date>
  <millis>1448053811947</millis>
  <sequence>23</sequence>
  <logger>jMetal</logger>
  <level>INFO</level>
  <class>vrptw.spea.vrptw.BVrptwSpea2_main</class>
  <method>main</method>
  <thread>1</thread>
  <message>Variables values have been writen to file VAR</message>
</record>
<record>
  <date>2015-11-20T18:10:18</date>
  <millis>1448053818315</millis>
  <sequence>24</sequence>
  <logger>jMetal</logger>
  <level>INFO</level>
  <class>vrptw.spea.vrptw.BVrptwSpea2_main</class>
  <method>main</method>
  <thread>1</thread>
  <message>Total execution time: 6364</message>
</record>
<record>
  <date>2015-11-20T18:10:18</date>
  <millis>1448053818317</millis>
  <sequence>25</sequence>
  <logger>jMetal</logger>
  <level>INFO</level>
  <class>vrptw.spea.vrptw.BVrptwSpea2_main</class>
  <method>main</method>
  <thread>1</thread>
  <message>Objectives values have been writen to file FUN</message>
</record>
<record>
  <date>2015-11-20T18:10:18</date>
  <millis>1448053818318</millis>
  <sequence>26</sequence>
  <logger>jMetal</logger>
  <level>INFO</level>
  <class>vrptw.spea.vrptw.BVrptwSpea2_main</class>
  <method>main</method>
  <thread>1</thread>
  <message>Variables values have been writen to file VAR</message>
</record>
<record>
  <date>2015-11-20T18:10:24</date>
  <millis>1448053824682</millis>
  <sequence>27</sequence>
  <logger>jMetal</logger>
  <level>INFO</level>
  <class>vrptw.spea.vrptw.BVrptwSpea2_main</class>
  <method>main</method>
  <thread>1</thread>
  <message>Total execution time: 6360</message>
</record>
<record>
  <date>2015-11-20T18:10:24</date>
  <millis>1448053824683</millis>
  <sequence>28</sequence>
  <logger>jMetal</logger>
  <level>INFO</level>
  <class>vrptw.spea.vrptw.BVrptwSpea2_main</class>
  <method>main</method>
  <thread>1</thread>
  <message>Objectives values have been writen to file FUN</message>
</record>
<record>
  <date>2015-11-20T18:10:24</date>
  <millis>1448053824684</millis>
  <sequence>29</sequence>
  <logger>jMetal</logger>
  <level>INFO</level>
  <class>vrptw.spea.vrptw.BVrptwSpea2_main</class>
  <method>main</method>
  <thread>1</thread>
  <message>Variables values have been writen to file VAR</message>
</record>
</log>
